<?xml version="1.0" encoding="UTF-8"?>
<testng-results ignored="0" total="2" passed="2" failed="0" skipped="0">
  <reporter-output>
  </reporter-output>
  <suite started-at="2024-01-10T12:51:45 IST" name="Suite" finished-at="2024-01-10T12:52:15 IST" duration-ms="29191">
    <groups>
    </groups>
    <test started-at="2024-01-10T12:51:45 IST" name="Test" finished-at="2024-01-10T12:52:15 IST" duration-ms="29191">
      <class name="com.SwagLabs.TestCases.OverviewPageTestcase">
        <test-method is-config="true" signature="reports()[pri:0, instance:com.SwagLabs.TestCases.OverviewPageTestcase@2145b572]" started-at="2024-01-10T12:51:45 IST" name="reports" finished-at="2024-01-10T12:51:45 IST" duration-ms="750" status="PASS">
          <reporter-output>
          </reporter-output>
        </test-method> <!-- reports -->
        <test-method is-config="true" signature="setupBrowser()[pri:0, instance:com.SwagLabs.TestCases.OverviewPageTestcase@2145b572]" started-at="2024-01-10T12:51:45 IST" name="setupBrowser" finished-at="2024-01-10T12:51:54 IST" duration-ms="8276" status="PASS">
          <reporter-output>
          </reporter-output>
        </test-method> <!-- setupBrowser -->
        <test-method is-config="true" signature="pageSetUp()[pri:0, instance:com.SwagLabs.TestCases.OverviewPageTestcase@2145b572]" started-at="2024-01-10T12:51:54 IST" name="pageSetUp" finished-at="2024-01-10T12:52:13 IST" duration-ms="19401" status="PASS">
          <reporter-output>
          </reporter-output>
        </test-method> <!-- pageSetUp -->
        <test-method signature="verifySummary()[pri:1, instance:com.SwagLabs.TestCases.OverviewPageTestcase@2145b572]" started-at="2024-01-10T12:52:13 IST" name="verifySummary" finished-at="2024-01-10T12:52:14 IST" duration-ms="788" status="PASS">
          <reporter-output>
          </reporter-output>
        </test-method> <!-- verifySummary -->
        <test-method signature="verifyOvervuew()[pri:2, instance:com.SwagLabs.TestCases.OverviewPageTestcase@2145b572]" started-at="2024-01-10T12:52:14 IST" name="verifyOvervuew" finished-at="2024-01-10T12:52:15 IST" duration-ms="602" status="PASS">
          <reporter-output>
          </reporter-output>
        </test-method> <!-- verifyOvervuew -->
        <test-method is-config="true" signature="exitReport()[pri:0, instance:com.SwagLabs.TestCases.OverviewPageTestcase@2145b572]" started-at="2024-01-10T12:52:15 IST" name="exitReport" finished-at="2024-01-10T12:52:16 IST" duration-ms="1215" status="PASS">
          <reporter-output>
          </reporter-output>
        </test-method> <!-- exitReport -->
      </class> <!-- com.SwagLabs.TestCases.OverviewPageTestcase -->
    </test> <!-- Test -->
  </suite> <!-- Suite -->
</testng-results>
